<?xml version="1.0" encoding="UTF-8"?>
<testsuite xmlns:xsi="http://www.w3.org/2001/XMLSchema-instance" xsi:noNamespaceSchemaLocation="https://maven.apache.org/surefire/maven-surefire-plugin/xsd/surefire-test-report-3.0.xsd" version="3.0" name="com.journaldev.jsfBeans.FileUploadBeanTest" time="1.418" tests="1" errors="0" skipped="0" failures="0">
  <properties>
[...]
</properties>
  <testcase name="testHandleUpload" classname="com.journaldev.jsfBeans.FileUploadBeanTest" time="1.375">
    <system-out><![CDATA[

************** constructor FileUploadBean.FileUploadBean


----------------- FileUploadBean.handleUpload
]]></system-out>
  </testcase>
</testsuite>